{"content": {"suites": {"0": {"status": {"total_pass": 1, "total_skip": 0, "total_xpass": 0, "total_xfail": 0, "total_rerun": 0, "total_fail": 1, "total_error": 0}, "tests": {"0": {"status": "PASS", "message": "", "test_name": "test_VerifyGoogleLogin", "rerun": "0"}, "1": {"status": "FAIL", "message": "   selenium.common.exceptions.TimeoutException: Message:\n           AssertionError\n", "test_name": "test_VerifyfacebookLogin", "rerun": "0"}}, "suite_name": "src/spec/Android/Jobseeker_Login_Test.py"}, "1": {"suite_name": "src/spec/Android/Jobseeker_Login_Test2.py", "tests": {"0": {"status": "FAIL", "message": "   selenium.common.exceptions.TimeoutException: Message:\n           AssertionError\n", "test_name": "test_VerifyfacebookLogins", "rerun": "0"}, "1": {"status": "PASS", "message": "", "test_name": "test_VerifygmailLogins", "rerun": "0"}}, "status": {"total_pass": 1, "total_skip": 0, "total_xpass": 0, "total_xfail": 0, "total_rerun": 0, "total_fail": 1, "total_error": 0}}}}, "date": "February 10, 2023", "start_time": 1676012794.9489431, "total_suite": 2, "status": "FAIL", "status_list": {"pass": "2", "fail": "2", "skip": "0", "error": "0", "xpass": "0", "xfail": "0", "rerun": "0"}, "total_tests": "4"}